<?xml version="1.0" encoding="UTF-8"?>
<testsuite xmlns:xsi="http://www.w3.org/2001/XMLSchema-instance" xsi:noNamespaceSchemaLocation="https://maven.apache.org/surefire/maven-surefire-plugin/xsd/surefire-test-report.xsd" name="ru.learnup.mavenaccount.tax.AccountTest" time="0.589" tests="12" errors="0" skipped="0" failures="0">
  <properties>
[...]
</properties>
  <testcase name="testDifferenceTax{int, int, int}[1]" classname="ru.learnup.mavenaccount.tax.AccountTest" time="0.137"/>
  <testcase name="testDifferenceTax{int, int, int}[2]" classname="ru.learnup.mavenaccount.tax.AccountTest" time="0.008"/>
  <testcase name="testDifferenceTax{int, int, int}[3]" classname="ru.learnup.mavenaccount.tax.AccountTest" time="0"/>
  <testcase name="testIncomeTax{int, int}[1]" classname="ru.learnup.mavenaccount.tax.AccountTest" time="0"/>
  <testcase name="testIncomeTax{int, int}[2]" classname="ru.learnup.mavenaccount.tax.AccountTest" time="0"/>
  <testcase name="testIncomeTax{int, int}[3]" classname="ru.learnup.mavenaccount.tax.AccountTest" time="0.001"/>
  <testcase name="testIncome{int, int}[1]" classname="ru.learnup.mavenaccount.tax.AccountTest" time="0.001"/>
  <testcase name="testIncome{int, int}[2]" classname="ru.learnup.mavenaccount.tax.AccountTest" time="0.006"/>
  <testcase name="testIncome{int, int}[3]" classname="ru.learnup.mavenaccount.tax.AccountTest" time="0.002"/>
  <testcase name="testIncome2{int, int}[1]" classname="ru.learnup.mavenaccount.tax.AccountTest" time="0"/>
  <testcase name="testIncome2{int, int}[2]" classname="ru.learnup.mavenaccount.tax.AccountTest" time="0.003"/>
  <testcase name="testIncome2{int, int}[3]" classname="ru.learnup.mavenaccount.tax.AccountTest" time="0.001"/>
</testsuite>